{"C:\\xampp\\htdocs\\GameHer3\\GameHer\\tests\\test.js":{"path":"C:\\xampp\\htdocs\\GameHer3\\GameHer\\tests\\test.js","s":{"1":1,"2":2,"3":1,"4":1,"5":1,"6":1},"b":{"1":[1,1]},"f":{"1":2},"fnMap":{"1":{"name":"isMultipleOf10","line":1,"loc":{"start":{"line":1,"column":0},"end":{"line":1,"column":27}}}},"statementMap":{"1":{"start":{"line":1,"column":0},"end":{"line":1,"column":91}},"2":{"start":{"line":1,"column":31},"end":{"line":1,"column":89}},"3":{"start":{"line":1,"column":52},"end":{"line":1,"column":64}},"4":{"start":{"line":1,"column":76},"end":{"line":1,"column":89}},"5":{"start":{"line":1,"column":94},"end":{"line":1,"column":127}},"6":{"start":{"line":1,"column":128},"end":{"line":1,"column":160}}},"branchMap":{"1":{"line":1,"type":"if","locations":[{"start":{"line":1,"column":31},"end":{"line":1,"column":31}},{"start":{"line":1,"column":31},"end":{"line":1,"column":31}}]}}}}